\BOOKMARK [0][-]{part.1}{\376\377\000I\000\040\000P\000r\000e\000l\000i\000m\000i\000n\000a\000r\000y\000\040\000n\000o\000t\000i\000o\000n\000s}{}% 1
\BOOKMARK [1][-]{section.1}{\376\377\000P\000h\000y\000s\000i\000c\000a\000l\000\040\000s\000e\000t\000u\000p}{part.1}% 2
\BOOKMARK [1][-]{section.2}{\376\377\000S\000u\000p\000e\000r\000s\000y\000m\000m\000e\000t\000r\000i\000c\000\040\000Y\000a\000n\000g\000-\000M\000i\000l\000l\000s\000\040\000t\000h\000e\000o\000r\000i\000e\000s\000\040\000f\000r\000o\000m\000\040\000D\000-\000b\000r\000a\000n\000e\000s}{part.1}% 3
\BOOKMARK [1][-]{section.3}{\376\377\000N\000=\0004\000\040\000s\000u\000p\000e\000r\000\040\000Y\000a\000n\000g\000-\000M\000i\000l\000l\000s\000\040\000t\000h\000e\000o\000r\000y\000\040\000i\000n\000\040\000D\000=\0004}{part.1}% 4
\BOOKMARK [2][-]{subsection.3.1}{\376\377\000S\000u\000p\000e\000r\000c\000o\000n\000f\000o\000r\000m\000a\000l\000\040\000g\000r\000o\000u\000p\000\040\000S\000U\000\050\0002\000,\0002\000|\0004\000\051\000\040\000a\000n\000d\000\040\000i\000t\000s\000\040\000r\000e\000p\000r\000e\000s\000e\000n\000t\000a\000t\000i\000o\000n\000s}{section.3}% 5
\BOOKMARK [2][-]{subsection.3.2}{\376\377\000M\000a\000t\000t\000e\000r\000\040\000c\000o\000n\000t\000e\000n\000t}{section.3}% 6
\BOOKMARK [2][-]{subsection.3.3}{\376\377\000M\000o\000d\000u\000l\000i\000\040\000s\000p\000a\000c\000e\000\040\000a\000n\000d\000\040\000d\000y\000n\000a\000m\000i\000c\000a\000l\000\040\000p\000h\000a\000s\000e\000s}{section.3}% 7
\BOOKMARK [1][-]{section.4}{\376\377\000G\000a\000u\000g\000e\000\040\000a\000n\000o\000m\000a\000l\000y}{part.1}% 8
\BOOKMARK [1][-]{section.5}{\376\377\000P\000r\000o\000p\000e\000r\000t\000i\000e\000s\000\040\000o\000f\000\040\000D\000-\000b\000r\000a\000n\000e\000s\000\040\000i\000n\000\040\000t\000y\000p\000e\000\040\000I\000I\000\040\000t\000h\000e\000o\000r\000i\000e\000s}{part.1}% 9
\BOOKMARK [1][-]{section.6}{\376\377\000A\000l\000g\000e\000b\000r\000a\000i\000c\000\040\000g\000e\000o\000m\000e\000t\000r\000y}{part.1}% 10
\BOOKMARK [2][-]{subsection.6.1}{\376\377\000S\000i\000n\000g\000u\000l\000a\000r\000i\000t\000i\000e\000s\000\040\000a\000n\000d\000\040\000r\000e\000s\000o\000l\000u\000t\000i\000o\000n\000s}{section.6}% 11
\BOOKMARK [1][-]{section.7}{\376\377\000Q\000u\000i\000v\000e\000r\000s\000\040\000r\000e\000p\000r\000e\000s\000e\000n\000t\000a\000t\000i\000o\000n\000s\000,\000\040\000p\000a\000t\000h\000\040\000a\000l\000g\000e\000b\000r\000a\000s\000,\000\040\000m\000o\000d\000u\000l\000i\000\040\000s\000p\000a\000c\000e\000s\000\040\000a\000n\000d\000\040\000q\000u\000i\000v\000e\000r\000\040\000v\000a\000r\000i\000e\000t\000i\000e\000s}{part.1}% 12
\BOOKMARK [2][-]{subsection.7.1}{\376\377\000Q\000u\000i\000v\000e\000r\000s\000,\000\040\000p\000a\000t\000h\000\040\000a\000l\000g\000e\000b\000r\000a\000s\000\040\000a\000n\000d\000\040\000r\000e\000l\000a\000t\000i\000o\000n\000s}{section.7}% 13
\BOOKMARK [2][-]{subsection.7.2}{\376\377\000Q\000u\000i\000v\000e\000r\000\040\000r\000e\000p\000r\000e\000s\000e\000n\000t\000a\000t\000i\000o\000n\000s}{section.7}% 14
\BOOKMARK [2][-]{subsection.7.3}{\376\377\000G\000e\000o\000m\000e\000t\000r\000i\000c\000\040\000i\000n\000v\000a\000r\000i\000a\000n\000t\000\040\000t\000h\000e\000o\000r\000y}{section.7}% 15
\BOOKMARK [2][-]{subsection.7.4}{\376\377\000G\000I\000T\000\040\000q\000u\000o\000t\000i\000e\000n\000t\000\040\000f\000o\000r\000\040\000q\000u\000i\000v\000e\000r\000\040\000r\000e\000p\000r\000e\000s\000e\000n\000t\000a\000t\000i\000o\000n}{section.7}% 16
\BOOKMARK [2][-]{subsection.7.5}{\376\377\000Q\000u\000i\000v\000e\000r\000\040\000v\000a\000r\000i\000t\000i\000e\000s}{section.7}% 17
\BOOKMARK [2][-]{subsection.7.6}{\376\377\000M\000o\000d\000u\000l\000i\000\040\000p\000r\000o\000b\000l\000e\000m\000s}{section.7}% 18
\BOOKMARK [1][-]{section.8}{\376\377\000C\000a\000l\000a\000b\000i\000-\000Y\000a\000u\000\040\000m\000a\000n\000i\000f\000o\000l\000d\000s\000,\000\040\000o\000r\000b\000i\000f\000o\000l\000d\000s\000\040\000a\000n\000d\000\040\000c\000r\000e\000p\000a\000n\000t\000\040\000r\000e\000s\000o\000l\000u\000t\000i\000o\000n\000s}{part.1}% 19
\BOOKMARK [2][-]{subsection.8.1}{\376\377\000C\000a\000l\000a\000b\000i\000-\000Y\000a\000u\000\040\000m\000a\000n\000i\000f\000o\000l\000d\000s}{section.8}% 20
\BOOKMARK [2][-]{subsection.8.2}{\376\377\000C\000a\000l\000a\000b\000i\000-\000Y\000a\000u\000\040\000o\000r\000b\000i\000f\000o\000l\000d\000s}{section.8}% 21
\BOOKMARK [1][-]{section.9}{\376\377\000T\000o\000r\000i\000c\000\040\000v\000a\000r\000i\000e\000t\000i\000e\000s}{part.1}% 22
\BOOKMARK [2][-]{subsection.9.1}{\376\377\000F\000a\000n\000s\000\040\000a\000n\000d\000\040\000c\000o\000n\000e\000s}{section.9}% 23
\BOOKMARK [2][-]{subsection.9.2}{\376\377\000C\000a\000l\000a\000b\000i\000-\000Y\000a\000u\000\040\000a\000n\000d\000\040\000n\000o\000n\000-\000c\000o\000m\000p\000a\000c\000t\000n\000e\000s\000s\000\040\000c\000o\000n\000d\000i\000t\000i\000o\000n\000s}{section.9}% 24
\BOOKMARK [1][-]{section.10}{\376\377\000H\000o\000m\000o\000l\000o\000g\000y}{part.1}% 25
\BOOKMARK [2][-]{subsection.10.1}{\376\377\000T\000h\000e\000\040\000i\000d\000e\000a\000\040\000o\000f\000\040\000H\000o\000m\000o\000l\000o\000g\000y}{section.10}% 26
\BOOKMARK [2][-]{subsection.10.2}{\376\377\000S\000i\000m\000p\000l\000i\000c\000i\000a\000l\000\040\000H\000o\000m\000o\000l\000o\000g\000y}{section.10}% 27
\BOOKMARK [1][-]{section.11}{\376\377\000M\000c\000K\000a\000y\000\040\000c\000o\000r\000r\000e\000s\000p\000o\000n\000d\000e\000n\000c\000e}{part.1}% 28
\BOOKMARK [2][-]{subsection.11.1}{\376\377\000C\000l\000a\000s\000s\000i\000c\000a\000l\000\040\000c\000o\000r\000r\000e\000s\000p\000o\000n\000d\000e\000n\000c\000e}{section.11}% 29
\BOOKMARK [2][-]{subsection.11.2}{\376\377\000G\000e\000o\000m\000e\000t\000r\000i\000c\000a\000l\000\040\000M\000c\000K\000a\000y\000\040\000c\000o\000r\000r\000e\000s\000p\000o\000n\000d\000e\000n\000c\000e}{section.11}% 30
\BOOKMARK [1][-]{section.12}{\376\377\000T\000h\000e\000\040\000s\000i\000m\000p\000l\000e\000s\000t\000\040\000c\000a\000s\000e\000:\000\040\000s\000m\000o\000o\000t\000h\000\040\000t\000r\000a\000n\000s\000v\000e\000r\000s\000e\000\040\000s\000p\000a\000c\000e}{part.1}% 31
\BOOKMARK [2][-]{subsection.12.1}{\376\377\000G\000e\000n\000e\000r\000a\000l\000i\000t\000i\000e\000s}{section.12}% 32
\BOOKMARK [2][-]{subsection.12.2}{\376\377\000M\000a\000t\000t\000e\000r\000\040\000c\000o\000n\000t\000e\000n\000t}{section.12}% 33
\BOOKMARK [0][-]{part.2}{\376\377\000I\000I\000\040\000O\000r\000b\000i\000f\000o\000l\000d\000\040\000s\000i\000n\000g\000u\000l\000a\000r\000i\000t\000i\000e\000s}{}% 34
\BOOKMARK [1][-]{section.13}{\376\377\000S\000t\000r\000i\000n\000g\000s\000\040\000o\000n\000\040\000o\000r\000b\000i\000f\000o\000l\000d\000s}{part.2}% 35
\BOOKMARK [2][-]{subsection.13.1}{\376\377\000G\000e\000n\000e\000r\000a\000l\000i\000t\000i\000e\000s}{section.13}% 36
\BOOKMARK [3][-]{subsubsection.13.1.1}{\376\377\000F\000u\000r\000t\000h\000e\000r\000\040\000d\000e\000t\000a\000i\000l\000s\000\040\000o\000n\000\040\000t\000h\000e\000\040\000p\000r\000o\000j\000e\000c\000t\000i\000o\000n}{subsection.13.1}% 37
\BOOKMARK [2][-]{subsection.13.2}{\376\377\000T\000w\000i\000s\000t\000e\000d\000\040\000s\000e\000c\000t\000o\000r}{section.13}% 38
\BOOKMARK [2][-]{subsection.13.3}{\376\377\000R\000e\000p\000r\000e\000s\000e\000n\000t\000a\000t\000i\000o\000n\000\040\000t\000h\000e\000o\000r\000y\000\040\000o\000f\000\040\000t\000h\000e\000\040\000p\000r\000o\000j\000e\000c\000t\000i\000o\000n}{section.13}% 39
\BOOKMARK [2][-]{subsection.13.4}{\376\377\000F\000i\000e\000l\000d\000\040\000c\000o\000n\000t\000e\000n\000t\000,\000\040\000q\000u\000i\000v\000e\000r\000s\000\040\000a\000n\000d\000\040\000M\000c\000K\000a\000y\000\040\000g\000r\000a\000p\000h\000s}{section.13}% 40
\BOOKMARK [2][-]{subsection.13.5}{\376\377\000G\000a\000u\000g\000e\000\040\000a\000n\000o\000m\000a\000l\000y\000\040\000c\000a\000n\000e\000l\000l\000a\000t\000i\000o\000n}{section.13}% 41
\BOOKMARK [2][-]{subsection.13.6}{\376\377\000Q\000u\000i\000v\000e\000r\000\040\000g\000a\000u\000g\000e\000\040\000t\000h\000e\000o\000r\000i\000e\000s\000\040\000a\000n\000d\000\040\000q\000u\000i\000v\000e\000r\000s}{section.13}% 42
\BOOKMARK [2][-]{subsection.13.7}{\376\377\000A\000\040\000s\000i\000m\000p\000l\000e\000\040\000e\000x\000a\000m\000p\000l\000e\000:\000\040\000S\000=\000C\0003\000/\000Z\0003}{section.13}% 43
\BOOKMARK [3][-]{subsubsection.13.7.1}{\376\377\000P\000r\000o\000j\000e\000c\000t\000i\000o\000n}{subsection.13.7}% 44
\BOOKMARK [3][-]{subsubsection.13.7.2}{\376\377\000Q\000u\000i\000v\000e\000r}{subsection.13.7}% 45
\BOOKMARK [3][-]{subsubsection.13.7.3}{\376\377\000G\000a\000u\000g\000e\000\040\000a\000n\000o\000m\000a\000l\000y\000\040\000c\000a\000n\000c\000e\000l\000l\000a\000t\000i\000o\000n}{subsection.13.7}% 46
\BOOKMARK [2][-]{subsection.13.8}{\376\377\000\050\000p\000+\0001\000\051\000-\000d\000i\000m\000e\000n\000s\000i\000o\000n\000a\000l\000\040\000q\000u\000i\000v\000e\000r\000\040\000g\000a\000u\000g\000e\000\040\000t\000h\000e\000o\000r\000i\000e\000s}{section.13}% 47
\BOOKMARK [1][-]{section.14}{\376\377\000N\000=\0002\000\040\000d\000a\000u\000g\000h\000t\000e\000r\000\040\000t\000h\000e\000o\000r\000i\000e\000s}{part.2}% 48
\BOOKMARK [2][-]{subsection.14.1}{\376\377\000S\000=\000C\000C\0002\000/\000Z\000n}{section.14}% 49
\BOOKMARK [2][-]{subsection.14.2}{\376\377\000S\000=\000C\000C\0002\000/\000D\000n}{section.14}% 50
\BOOKMARK [2][-]{subsection.14.3}{\376\377\000S\000=\000C\000C\0002\000/\000T\000,\000O\000,\000I}{section.14}% 51
\BOOKMARK [1][-]{section.15}{\376\377\000N\000=\0001\000\040\000d\000a\000u\000g\000h\000t\000e\000r\000\040\000t\000h\000e\000o\000r\000i\000e\000s}{part.2}% 52
\BOOKMARK [2][-]{subsection.15.1}{\376\377\000S\000=\000C\0003\000/\000Z\000n}{section.15}% 53
\BOOKMARK [3][-]{subsubsection.15.1.1}{\376\377\000A\000c\000t\000i\000o\000n\000s\000\040\000o\000f\000\040\000Z\000n\000\040\000o\000n\000\040\000C\0003}{subsection.15.1}% 54
\BOOKMARK [3][-]{subsubsection.15.1.2}{\376\377\000E\000x\000a\000m\000p\000l\000e\000:\000\040\000Z\0005}{subsection.15.1}% 55
\BOOKMARK [3][-]{subsubsection.15.1.3}{\376\377\000G\000e\000n\000e\000r\000a\000l\000\040\000Z\000n}{subsection.15.1}% 56
\BOOKMARK [2][-]{subsection.15.2}{\376\377\000S\000=\000C\0003\000/\000\050\0003\000n\0002\000\051\000,\000\050\0006\000n\0002\000\051}{section.15}% 57
\BOOKMARK [2][-]{subsection.15.3}{\376\377\000S\000=\000C\0003\000/\0003\0006\0003\000,\0006\0000\0003\000,\0001\0006\0008\0003\000,\0002\0001\0006\0003\000,\0003\0006\0000\0003}{section.15}% 58
\BOOKMARK [2][-]{subsection.15.4}{\376\377\000S\000=\000C\0003\000/\000\050\000Z\000m\000Z\000n\000\051}{section.15}% 59
\BOOKMARK [3][-]{subsubsection.15.4.1}{\376\377\000R\000e\000p\000r\000e\000s\000e\000n\000t\000a\000t\000i\000o\000n\000s\000\040\000o\000f\000\040\000Z\000m\000Z\000n}{subsection.15.4}% 60
\BOOKMARK [3][-]{subsubsection.15.4.2}{\376\377\000P\000r\000o\000j\000e\000c\000t\000i\000o\000n}{subsection.15.4}% 61
\BOOKMARK [1][-]{section.16}{\376\377\000A\000\040\000n\000o\000t\000e\000\040\000a\000b\000o\000u\000t\000\040\000p\000r\000o\000j\000e\000c\000t\000i\000v\000e\000\040\000r\000e\000p\000r\000e\000s\000e\000n\000t\000a\000t\000i\000o\000n\000s\000,\000\040\000d\000i\000s\000c\000r\000e\000t\000e\000\040\000t\000o\000r\000s\000i\000o\000n\000\040\000a\000n\000d\000\040\000d\000e\000f\000o\000r\000m\000a\000t\000i\000o\000n\000s}{part.2}% 62
\BOOKMARK [2][-]{subsection.16.1}{\376\377\000P\000r\000o\000j\000e\000c\000t\000i\000v\000e\000\040\000r\000e\000p\000r\000e\000s\000e\000n\000t\000a\000t\000i\000o\000n\000s\000\040\000a\000n\000d\000\040\000d\000i\000s\000c\000r\000e\000t\000e\000\040\000t\000o\000r\000s\000i\000o\000n}{section.16}% 63
\BOOKMARK [2][-]{subsection.16.2}{\376\377\000Q\000u\000i\000v\000e\000r\000\040\000g\000a\000u\000g\000e\000\040\000t\000h\000e\000o\000r\000i\000e\000s\000\040\000d\000e\000f\000o\000r\000m\000a\000t\000i\000o\000n\000s\000\040\000a\000n\000d\000\040\000c\000o\000n\000i\000f\000o\000l\000d}{section.16}% 64
\BOOKMARK [0][-]{part.3}{\376\377\000I\000I\000I\000\040\000T\000o\000r\000i\000c\000\040\000s\000i\000n\000g\000u\000l\000a\000r\000i\000t\000i\000e\000s}{}% 65
\BOOKMARK [1][-]{section.17}{\376\377\000C\000o\000r\000r\000e\000s\000p\000o\000n\000d\000e\000n\000c\000e\000\040\000b\000e\000t\000w\000e\000e\000n\000\040\000g\000a\000u\000g\000e\000\040\000t\000h\000e\000o\000r\000y\000\040\000a\000n\000d\000\040\000s\000i\000n\000g\000u\000l\000a\000r\000i\000t\000y}{part.3}% 66
\BOOKMARK [2][-]{subsection.17.1}{\376\377\000G\000a\000u\000g\000e\000d\000\040\000l\000i\000n\000e\000a\000r\000\040\000s\000i\000g\000m\000a\000\040\000m\000o\000d\000e\000l\000\040\000\050\000G\000L\000S\000M\000\051}{section.17}% 67
\BOOKMARK [2][-]{subsection.17.2}{\376\377\000F\000r\000o\000m\000\040\000g\000a\000u\000g\000e\000\040\000t\000h\000e\000o\000r\000y\000\040\000t\000o\000\040\000s\000i\000n\000g\000u\000l\000a\000r\000i\000t\000y\000:\000\040\000f\000o\000r\000w\000a\000r\000d\000\040\000a\000l\000g\000o\000r\000i\000t\000h\000m}{section.17}% 68
\BOOKMARK [2][-]{subsection.17.3}{\376\377\000F\000r\000o\000m\000\040\000s\000i\000n\000g\000u\000l\000a\000r\000i\000t\000y\000\040\000t\000o\000\040\000g\000a\000u\000g\000e\000\040\000t\000h\000e\000o\000r\000y\000:\000\040\000i\000n\000v\000e\000r\000s\000e\000\040\000a\000l\000g\000o\000r\000i\000t\000h\000m}{section.17}% 69
\BOOKMARK [3][-]{subsubsection.17.3.1}{\376\377\000A\000p\000p\000l\000i\000c\000a\000t\000i\000o\000n\000\040\000t\000o\000\040\000T\000o\000r\000i\000c\000\040\000d\000e\000l\000\040\000P\000e\000z\000z\000o\000'\000s}{subsection.17.3}% 70
\BOOKMARK [1][-]{section.18}{\376\377\000T\000o\000r\000i\000c\000\040\000d\000u\000a\000l\000i\000t\000y}{part.3}% 71
\BOOKMARK [0][-]{part.4}{\376\377\000I\000V\000\040\000B\000e\000y\000o\000n\000d\000\040\000t\000o\000r\000i\000c\000\040\000s\000i\000n\000g\000u\000l\000a\000r\000i\000t\000i\000e\000s}{}% 72
\BOOKMARK [1][-]{section.19}{\376\377\000C\000o\000n\000i\000f\000o\000l\000d}{part.4}% 73
\BOOKMARK [1][-]{section.20}{\376\377\000N\000o\000n\000-\000c\000o\000m\000m\000u\000t\000a\000t\000i\000v\000e\000\040\000r\000e\000s\000o\000l\000u\000t\000i\000o\000n\000s}{part.4}% 74
\BOOKMARK [1][-]{appendix.A}{\376\377\000S\000o\000m\000e\000\040\000f\000i\000n\000i\000t\000e\000\040\000s\000u\000b\000g\000r\000o\000u\000p\000s}{part.4}% 75
\BOOKMARK [2][-]{subsection.A.1}{\376\377\000F\000i\000n\000i\000t\000e\000\040\000s\000u\000b\000g\000r\000o\000u\000p\000s\000\040\000o\000f\000\040\000S\000U\000\050\0002\000\051\000\040\000a\000n\000d\000\040\000S\000L\000\050\0002\000,\000C\000\051}{appendix.A}% 76
\BOOKMARK [3][-]{subsubsection.A.1.1}{\376\377\000F\000i\000n\000i\000t\000e\000\040\000s\000u\000b\000g\000r\000o\000u\000p\000s}{subsection.A.1}% 77
\BOOKMARK [3][-]{subsubsection.A.1.2}{\376\377\000I\000r\000r\000e\000d\000u\000c\000i\000b\000l\000e\000\040\000r\000e\000p\000r\000e\000s\000e\000n\000t\000a\000t\000i\000o\000n\000s}{subsection.A.1}% 78
\BOOKMARK [3][-]{subsubsection.A.1.3}{\376\377\000C\000h\000a\000r\000a\000c\000t\000e\000r\000\040\000t\000a\000b\000l\000e\000s}{subsection.A.1}% 79
\BOOKMARK [2][-]{subsection.A.2}{\376\377\000F\000i\000n\000i\000t\000e\000\040\000s\000u\000b\000g\000r\000o\000u\000p\000s\000\040\000o\000f\000\040\000S\000U\000\050\0003\000\051}{appendix.A}% 80
\BOOKMARK [1][-]{appendix.B}{\376\377\000S\000p\000a\000c\000e\000t\000i\000m\000e\000\040\000g\000e\000o\000m\000e\000t\000r\000y\000:\000\040\000A\000L\000E\000\040\000s\000p\000a\000c\000e\000\040\000a\000n\000d\000\040\000o\000r\000b\000i\000f\000o\000l\000d\000s}{part.4}% 81
\BOOKMARK [1][-]{appendix.C}{\376\377\000G\000r\000a\000p\000h\000s}{part.4}% 82
\BOOKMARK [1][-]{appendix.D}{\376\377\000D\000e\000t\000e\000r\000m\000i\000n\000a\000n\000t\000a\000l\000\040\000v\000a\000r\000i\000e\000t\000i\000e\000s\000\040\000a\000s\000\040\000t\000r\000a\000n\000s\000v\000e\000r\000s\000e\000\040\000s\000p\000a\000c\000e\000s}{part.4}% 83
\BOOKMARK [2][-]{subsection.D.1}{\376\377\000B\000a\000s\000i\000c\000\040\000p\000r\000o\000p\000e\000r\000t\000i\000e\000s\000\040\000o\000f\000\040\000d\000e\000t\000e\000r\000m\000i\000n\000a\000n\000t\000a\000l\000\040\000v\000a\000r\000i\000e\000t\000i\000e\000s}{appendix.D}% 84
\BOOKMARK [3][-]{subsubsection.D.1.1}{\376\377\000C\000o\000m\000p\000u\000t\000i\000n\000g\000\040\000t\000h\000e\000\040\000d\000i\000m\000e\000n\000s\000i\000o\000n}{subsection.D.1}% 85
\BOOKMARK [3][-]{subsubsection.D.1.2}{\376\377\000S\000i\000n\000g\000u\000l\000a\000r\000i\000t\000y}{subsection.D.1}% 86
\BOOKMARK [3][-]{subsubsection.D.1.3}{\376\377\000A\000c\000t\000i\000o\000n\000\040\000a\000n\000d\000\040\000s\000y\000z\000y\000g\000i\000e\000s}{subsection.D.1}% 87
\BOOKMARK [2][-]{subsection.D.2}{\376\377\000Y\000o\000u\000n\000g\000'\000s\000\040\000l\000a\000t\000t\000i\000c\000e}{appendix.D}% 88
\BOOKMARK [1][-]{appendix.E}{\376\377\000S\000o\000m\000e\000\040\000d\000e\000r\000i\000v\000a\000t\000i\000o\000n\000s}{part.4}% 89
\BOOKMARK [2][-]{subsection.E.1}{}{appendix.E}% 90
\BOOKMARK [1][-]{appendix.F}{\376\377\000R\000e\000f\000e\000r\000e\000n\000c\000e\000s\000\040\000g\000u\000i\000d\000e}{part.4}% 91
\BOOKMARK [1][-]{appendix.F}{\376\377\000L\000i\000s\000t\000\040\000o\000f\000\040\000M\000a\000r\000k\000e\000r\000s}{part.4}% 92
